<?xml version="1.0" encoding="UTF-8"?>
<testsuite xmlns:xsi="http://www.w3.org/2001/XMLSchema-instance" xsi:noNamespaceSchemaLocation="https://maven.apache.org/surefire/maven-surefire-plugin/xsd/surefire-test-report-3.0.xsd" version="3.0" name="com.example.consumingwebservice.ConsumingWebServiceApplicationTests" time="1.352" tests="1" errors="0" skipped="0" failures="0">
  <properties>
[...]
</properties>
  <testcase name="contextLoads" classname="com.example.consumingwebservice.ConsumingWebServiceApplicationTests" time="0.484">
    <system-out><![CDATA[10:47:52.965 [main] INFO org.springframework.test.context.support.AnnotationConfigContextLoaderUtils -- Could not detect default configuration classes for test class [com.example.consumingwebservice.ConsumingWebServiceApplicationTests]: ConsumingWebServiceApplicationTests does not declare any static, non-private, non-final, nested classes annotated with @Configuration.
10:47:53.017 [main] INFO org.springframework.boot.test.context.SpringBootTestContextBootstrapper -- Found @SpringBootConfiguration com.example.consumingwebservice.ConsumingWebServiceApplication for test class com.example.consumingwebservice.ConsumingWebServiceApplicationTests

  .   ____          _            __ _ _
 /\\ / ___'_ __ _ _(_)_ __  __ _ \ \ \ \
( ( )\___ | '_ | '_| | '_ \/ _` | \ \ \ \
 \\/  ___)| |_)| | | | | || (_| |  ) ) ) )
  '  |____| .__|_| |_|_| |_\__, | / / / /
 =========|_|==============|___/=/_/_/_/
 :: Spring Boot ::                (v3.2.0)

2024-04-03T10:47:53.227-03:00  INFO 19410 --- [           main] .e.c.ConsumingWebServiceApplicationTests : Starting ConsumingWebServiceApplicationTests using Java 21.0.2 with PID 19410 (started by martin in /home/martin/Projects/Cape/soapconsumer/gs-consuming-web-service-main/initial)
2024-04-03T10:47:53.228-03:00  INFO 19410 --- [           main] .e.c.ConsumingWebServiceApplicationTests : No active profile set, falling back to 1 default profile: "default"
2024-04-03T10:47:53.540-03:00  INFO 19410 --- [           main] o.s.ws.soap.saaj.SaajSoapMessageFactory  : Creating SAAJ 1.3 MessageFactory with SOAP 1.1 Protocol
2024-04-03T10:47:53.546-03:00 DEBUG 19410 --- [           main] o.s.ws.soap.saaj.SaajSoapMessageFactory  : Using MessageFactory class [com.sun.xml.messaging.saaj.soap.ver1_1.SOAPMessageFactory1_1Impl]
2024-04-03T10:47:53.643-03:00  INFO 19410 --- [           main] .e.c.ConsumingWebServiceApplicationTests : Started ConsumingWebServiceApplicationTests in 0.566 seconds (process running for 1.06)
2024-04-03T10:47:53.645-03:00  INFO 19410 --- [           main] c.e.c.endpoint.CountryClient             : Requesting location for Spain
2024-04-03T10:47:53.650-03:00 DEBUG 19410 --- [           main] o.s.ws.client.core.WebServiceTemplate    : Opening [org.springframework.ws.transport.http.HttpUrlConnection@fe34b86] to [http://localhost:8080/ws/countries]
2024-04-03T10:47:53.687-03:00 DEBUG 19410 --- [           main] o.s.ws.client.MessageTracing.sent        : Sent request [SaajSoapMessage {http://spring.io/guides/gs-producing-web-service}getCountryRequest]
2024-04-03T10:47:53.734-03:00 DEBUG 19410 --- [           main] o.s.ws.client.MessageTracing.received    : Received response [SaajSoapMessage {http://spring.io/guides/gs-producing-web-service}getCountryResponse] for request [SaajSoapMessage {http://spring.io/guides/gs-producing-web-service}getCountryRequest]
]]></system-out>
    <system-err><![CDATA[EUR
WARNING: A Java agent has been loaded dynamically (/home/martin/.m2/repository/net/bytebuddy/byte-buddy-agent/1.14.10/byte-buddy-agent-1.14.10.jar)
WARNING: If a serviceability tool is in use, please run with -XX:+EnableDynamicAgentLoading to hide this warning
WARNING: If a serviceability tool is not in use, please run with -Djdk.instrument.traceUsage for more information
WARNING: Dynamic loading of agents will be disallowed by default in a future release
]]></system-err>
  </testcase>
</testsuite>